This file contains any messages produced by compilers while
running configure, to aid debugging if configure makes a mistake.

It was created by sqlite configure 3.7.8, which was
generated by GNU Autoconf 2.65.  Invocation command line was

  $ ./configure --enable-static --disable-shared --disable-dependency-tracking

## --------- ##
## Platform. ##
## --------- ##

hostname = localhost
uname -m = i386
uname -r = 10.8.0
uname -s = Darwin
uname -v = Darwin Kernel Version 10.8.0: Tue Jun  7 16:33:36 PDT 2011; root:xnu-1504.15.3~1/RELEASE_I386

/usr/bin/uname -p = i386
/bin/uname -X     = unknown

/bin/arch              = unknown
/usr/bin/arch -k       = unknown
/usr/convex/getsysinfo = unknown
/usr/bin/hostinfo      = Mach kernel version:
	 Darwin Kernel Version 10.8.0: Tue Jun  7 16:33:36 PDT 2011; root:xnu-1504.15.3~1/RELEASE_I386
Kernel configured for up to 2 processors.
2 processors are physically available.
2 processors are logically available.
Processor type: i486 (Intel 80486)
Processors active: 0 1
Primary memory available: 2.00 gigabytes
Default processor set: 101 tasks, 445 threads, 2 processors
Load average: 2.69, Mach factor: 1.02
/bin/machine           = unknown
/usr/bin/oslevel       = unknown
/bin/universe          = unknown

PATH: /Users/twer/projects/how2read/node_modules/sqlite3/node_modules/.bin
PATH: /Users/twer/projects/how2read/node_modules/.bin
PATH: /Users/twer/.rvm/gems/ruby-1.9.2-p290/bin
PATH: /Users/twer/.rvm/gems/ruby-1.9.2-p290@global/bin
PATH: /Users/twer/.rvm/rubies/ruby-1.9.2-p290/bin
PATH: /Users/twer/.rvm/bin
PATH: /usr/bin
PATH: /bin
PATH: /usr/sbin
PATH: /sbin
PATH: /usr/local/bin
PATH: /usr/local/git/bin
PATH: /usr/X11/bin
PATH: ~/mongodb-osx-i386-1.8.2/bin/
PATH: ~/bin/gradle-1.0/bin
PATH: ~/bin/groovy-1.7.10/bin
PATH: ~/bin


## ----------- ##
## Core tests. ##
## ----------- ##

configure:2614: checking for a BSD-compatible install
configure:2682: result: /usr/bin/install -c
configure:2693: checking whether build environment is sane
configure:2730: result: yes
configure:2792: checking for gawk
configure:2822: result: no
configure:2792: checking for mawk
configure:2822: result: no
configure:2792: checking for nawk
configure:2822: result: no
configure:2792: checking for awk
configure:2808: found /usr/bin/awk
configure:2819: result: awk
configure:2830: checking whether make sets $(MAKE)
configure:2852: result: yes
configure:3043: checking for style of include used by make
configure:3071: result: GNU
configure:3144: checking for gcc
configure:3160: found /usr/bin/gcc
configure:3171: result: gcc
configure:3400: checking for C compiler version
configure:3409: gcc --version >&5
i686-apple-darwin10-gcc-4.2.1 (GCC) 4.2.1 (Apple Inc. build 5666) (dot 3)
Copyright (C) 2007 Free Software Foundation, Inc.
This is free software; see the source for copying conditions.  There is NO
warranty; not even for MERCHANTABILITY or FITNESS FOR A PARTICULAR PURPOSE.

configure:3420: $? = 0
configure:3409: gcc -v >&5
Using built-in specs.
Target: i686-apple-darwin10
Configured with: /var/tmp/gcc/gcc-5666.3~6/src/configure --disable-checking --enable-werror --prefix=/usr --mandir=/share/man --enable-languages=c,objc,c++,obj-c++ --program-transform-name=/^[cg][^.-]*$/s/$/-4.2/ --with-slibdir=/usr/lib --build=i686-apple-darwin10 --program-prefix=i686-apple-darwin10- --host=x86_64-apple-darwin10 --target=i686-apple-darwin10 --with-gxx-include-dir=/include/c++/4.2.1
Thread model: posix
gcc version 4.2.1 (Apple Inc. build 5666) (dot 3)
configure:3420: $? = 0
configure:3409: gcc -V >&5
gcc-4.2: argument to `-V' is missing
configure:3420: $? = 1
configure:3409: gcc -qversion >&5
i686-apple-darwin10-gcc-4.2.1: no input files
configure:3420: $? = 1
configure:3440: checking whether the C compiler works
configure:3462: gcc  -DSQLITE_ENABLE_RTREE=1 -fPIC -O3 -DNDEBUG   conftest.c  >&5
configure:3466: $? = 0
configure:3515: result: yes
configure:3518: checking for C compiler default output file name
configure:3520: result: a.out
configure:3526: checking for suffix of executables
configure:3533: gcc -o conftest  -DSQLITE_ENABLE_RTREE=1 -fPIC -O3 -DNDEBUG   conftest.c  >&5
configure:3537: $? = 0
configure:3559: result: 
configure:3581: checking whether we are cross compiling
configure:3589: gcc -o conftest  -DSQLITE_ENABLE_RTREE=1 -fPIC -O3 -DNDEBUG   conftest.c  >&5
configure:3593: $? = 0
configure:3600: ./conftest
configure:3604: $? = 0
configure:3619: result: no
configure:3624: checking for suffix of object files
configure:3646: gcc -c  -DSQLITE_ENABLE_RTREE=1 -fPIC -O3 -DNDEBUG  conftest.c >&5
configure:3650: $? = 0
configure:3671: result: o
configure:3675: checking whether we are using the GNU C compiler
configure:3694: gcc -c  -DSQLITE_ENABLE_RTREE=1 -fPIC -O3 -DNDEBUG  conftest.c >&5
configure:3694: $? = 0
configure:3703: result: yes
configure:3712: checking whether gcc accepts -g
configure:3732: gcc -c -g  conftest.c >&5
configure:3732: $? = 0
configure:3773: result: yes
configure:3790: checking for gcc option to accept ISO C89
configure:3854: gcc  -c  -DSQLITE_ENABLE_RTREE=1 -fPIC -O3 -DNDEBUG  conftest.c >&5
configure:3854: $? = 0
configure:3867: result: none needed
configure:3889: checking dependency style of gcc
configure:3979: result: none
configure:4004: checking for special C compiler options needed for large files
configure:4049: result: no
configure:4055: checking for _FILE_OFFSET_BITS value needed for large files
configure:4080: gcc -c  -DSQLITE_ENABLE_RTREE=1 -fPIC -O3 -DNDEBUG  conftest.c >&5
configure:4080: $? = 0
configure:4112: result: no
configure:4245: checking for gcc
configure:4272: result: gcc
configure:4501: checking for C compiler version
configure:4510: gcc --version >&5
i686-apple-darwin10-gcc-4.2.1 (GCC) 4.2.1 (Apple Inc. build 5666) (dot 3)
Copyright (C) 2007 Free Software Foundation, Inc.
This is free software; see the source for copying conditions.  There is NO
warranty; not even for MERCHANTABILITY or FITNESS FOR A PARTICULAR PURPOSE.

configure:4521: $? = 0
configure:4510: gcc -v >&5
Using built-in specs.
Target: i686-apple-darwin10
Configured with: /var/tmp/gcc/gcc-5666.3~6/src/configure --disable-checking --enable-werror --prefix=/usr --mandir=/share/man --enable-languages=c,objc,c++,obj-c++ --program-transform-name=/^[cg][^.-]*$/s/$/-4.2/ --with-slibdir=/usr/lib --build=i686-apple-darwin10 --program-prefix=i686-apple-darwin10- --host=x86_64-apple-darwin10 --target=i686-apple-darwin10 --with-gxx-include-dir=/include/c++/4.2.1
Thread model: posix
gcc version 4.2.1 (Apple Inc. build 5666) (dot 3)
configure:4521: $? = 0
configure:4510: gcc -V >&5
gcc-4.2: argument to `-V' is missing
configure:4521: $? = 1
configure:4510: gcc -qversion >&5
i686-apple-darwin10-gcc-4.2.1: no input files
configure:4521: $? = 1
configure:4525: checking whether we are using the GNU C compiler
configure:4553: result: yes
configure:4562: checking whether gcc accepts -g
configure:4623: result: yes
configure:4640: checking for gcc option to accept ISO C89
configure:4717: result: none needed
configure:4739: checking dependency style of gcc
configure:4829: result: none
configure:4889: checking for ranlib
configure:4905: found /usr/bin/ranlib
configure:4916: result: ranlib
configure:5014: checking build system type
configure:5028: result: i686-apple-darwin10.8.0
configure:5048: checking host system type
configure:5061: result: i686-apple-darwin10.8.0
configure:5081: checking for a sed that does not truncate output
configure:5135: result: /usr/bin/sed
configure:5138: checking for grep that handles long lines and -e
configure:5196: result: /usr/bin/grep
configure:5201: checking for egrep
configure:5263: result: /usr/bin/grep -E
configure:5279: checking for ld used by gcc
configure:5346: result: /usr/libexec/gcc/i686-apple-darwin10/4.2.1/ld
configure:5353: checking if the linker (/usr/libexec/gcc/i686-apple-darwin10/4.2.1/ld) is GNU ld
configure:5368: result: no
configure:5373: checking for /usr/libexec/gcc/i686-apple-darwin10/4.2.1/ld option to reload object files
configure:5380: result: -r
configure:5398: checking for BSD-compatible nm
configure:5447: result: /usr/bin/nm
configure:5451: checking whether ln -s works
configure:5455: result: yes
configure:5462: checking how to recognise dependent libraries
configure:5638: result: pass_all
configure:5846: checking how to run the C preprocessor
configure:5877: gcc -E  conftest.c
configure:5877: $? = 0
configure:5891: gcc -E  conftest.c
conftest.c:11:28: error: ac_nonexistent.h: No such file or directory
configure:5891: $? = 1
configure: failed program was:
| /* confdefs.h */
| #define PACKAGE_NAME "sqlite"
| #define PACKAGE_TARNAME "sqlite"
| #define PACKAGE_VERSION "3.7.8"
| #define PACKAGE_STRING "sqlite 3.7.8"
| #define PACKAGE_BUGREPORT "http://www.sqlite.org"
| #define PACKAGE_URL ""
| #define PACKAGE "sqlite"
| #define VERSION "3.7.8"
| /* end confdefs.h.  */
| #include <ac_nonexistent.h>
configure:5916: result: gcc -E
configure:5936: gcc -E  conftest.c
configure:5936: $? = 0
configure:5950: gcc -E  conftest.c
conftest.c:11:28: error: ac_nonexistent.h: No such file or directory
configure:5950: $? = 1
configure: failed program was:
| /* confdefs.h */
| #define PACKAGE_NAME "sqlite"
| #define PACKAGE_TARNAME "sqlite"
| #define PACKAGE_VERSION "3.7.8"
| #define PACKAGE_STRING "sqlite 3.7.8"
| #define PACKAGE_BUGREPORT "http://www.sqlite.org"
| #define PACKAGE_URL ""
| #define PACKAGE "sqlite"
| #define VERSION "3.7.8"
| /* end confdefs.h.  */
| #include <ac_nonexistent.h>
configure:5979: checking for ANSI C header files
configure:5999: gcc -c  -DSQLITE_ENABLE_RTREE=1 -fPIC -O3 -DNDEBUG  conftest.c >&5
configure:5999: $? = 0
configure:6072: gcc -o conftest  -DSQLITE_ENABLE_RTREE=1 -fPIC -O3 -DNDEBUG   conftest.c  >&5
configure:6072: $? = 0
configure:6072: ./conftest
configure:6072: $? = 0
configure:6083: result: yes
configure:6096: checking for sys/types.h
configure:6096: gcc -c  -DSQLITE_ENABLE_RTREE=1 -fPIC -O3 -DNDEBUG  conftest.c >&5
configure:6096: $? = 0
configure:6096: result: yes
configure:6096: checking for sys/stat.h
configure:6096: gcc -c  -DSQLITE_ENABLE_RTREE=1 -fPIC -O3 -DNDEBUG  conftest.c >&5
configure:6096: $? = 0
configure:6096: result: yes
configure:6096: checking for stdlib.h
configure:6096: gcc -c  -DSQLITE_ENABLE_RTREE=1 -fPIC -O3 -DNDEBUG  conftest.c >&5
configure:6096: $? = 0
configure:6096: result: yes
configure:6096: checking for string.h
configure:6096: gcc -c  -DSQLITE_ENABLE_RTREE=1 -fPIC -O3 -DNDEBUG  conftest.c >&5
configure:6096: $? = 0
configure:6096: result: yes
configure:6096: checking for memory.h
configure:6096: gcc -c  -DSQLITE_ENABLE_RTREE=1 -fPIC -O3 -DNDEBUG  conftest.c >&5
configure:6096: $? = 0
configure:6096: result: yes
configure:6096: checking for strings.h
configure:6096: gcc -c  -DSQLITE_ENABLE_RTREE=1 -fPIC -O3 -DNDEBUG  conftest.c >&5
configure:6096: $? = 0
configure:6096: result: yes
configure:6096: checking for inttypes.h
configure:6096: gcc -c  -DSQLITE_ENABLE_RTREE=1 -fPIC -O3 -DNDEBUG  conftest.c >&5
configure:6096: $? = 0
configure:6096: result: yes
configure:6096: checking for stdint.h
configure:6096: gcc -c  -DSQLITE_ENABLE_RTREE=1 -fPIC -O3 -DNDEBUG  conftest.c >&5
configure:6096: $? = 0
configure:6096: result: yes
configure:6096: checking for unistd.h
configure:6096: gcc -c  -DSQLITE_ENABLE_RTREE=1 -fPIC -O3 -DNDEBUG  conftest.c >&5
configure:6096: $? = 0
configure:6096: result: yes
configure:6111: checking dlfcn.h usability
configure:6111: gcc -c  -DSQLITE_ENABLE_RTREE=1 -fPIC -O3 -DNDEBUG  conftest.c >&5
configure:6111: $? = 0
configure:6111: result: yes
configure:6111: checking dlfcn.h presence
configure:6111: gcc -E  conftest.c
configure:6111: $? = 0
configure:6111: result: yes
configure:6111: checking for dlfcn.h
configure:6111: result: yes
configure:6179: checking for g++
configure:6195: found /usr/bin/g++
configure:6206: result: g++
configure:6233: checking for C++ compiler version
configure:6242: g++ --version >&5
i686-apple-darwin10-g++-4.2.1 (GCC) 4.2.1 (Apple Inc. build 5666) (dot 3)
Copyright (C) 2007 Free Software Foundation, Inc.
This is free software; see the source for copying conditions.  There is NO
warranty; not even for MERCHANTABILITY or FITNESS FOR A PARTICULAR PURPOSE.

configure:6253: $? = 0
configure:6242: g++ -v >&5
Using built-in specs.
Target: i686-apple-darwin10
Configured with: /var/tmp/gcc/gcc-5666.3~6/src/configure --disable-checking --enable-werror --prefix=/usr --mandir=/share/man --enable-languages=c,objc,c++,obj-c++ --program-transform-name=/^[cg][^.-]*$/s/$/-4.2/ --with-slibdir=/usr/lib --build=i686-apple-darwin10 --program-prefix=i686-apple-darwin10- --host=x86_64-apple-darwin10 --target=i686-apple-darwin10 --with-gxx-include-dir=/include/c++/4.2.1
Thread model: posix
gcc version 4.2.1 (Apple Inc. build 5666) (dot 3)
configure:6253: $? = 0
configure:6242: g++ -V >&5
g++-4.2: argument to `-V' is missing
configure:6253: $? = 1
configure:6242: g++ -qversion >&5
i686-apple-darwin10-g++-4.2.1: no input files
configure:6253: $? = 1
configure:6257: checking whether we are using the GNU C++ compiler
configure:6276: g++ -c   conftest.cpp >&5
configure:6276: $? = 0
configure:6285: result: yes
configure:6294: checking whether g++ accepts -g
configure:6314: g++ -c -g  conftest.cpp >&5
configure:6314: $? = 0
configure:6355: result: yes
configure:6380: checking dependency style of g++
configure:6470: result: none
configure:6497: checking how to run the C++ preprocessor
configure:6524: g++ -E  conftest.cpp
configure:6524: $? = 0
configure:6538: g++ -E  conftest.cpp
conftest.cpp:22:28: error: ac_nonexistent.h: No such file or directory
configure:6538: $? = 1
configure: failed program was:
| /* confdefs.h */
| #define PACKAGE_NAME "sqlite"
| #define PACKAGE_TARNAME "sqlite"
| #define PACKAGE_VERSION "3.7.8"
| #define PACKAGE_STRING "sqlite 3.7.8"
| #define PACKAGE_BUGREPORT "http://www.sqlite.org"
| #define PACKAGE_URL ""
| #define PACKAGE "sqlite"
| #define VERSION "3.7.8"
| #define STDC_HEADERS 1
| #define HAVE_SYS_TYPES_H 1
| #define HAVE_SYS_STAT_H 1
| #define HAVE_STDLIB_H 1
| #define HAVE_STRING_H 1
| #define HAVE_MEMORY_H 1
| #define HAVE_STRINGS_H 1
| #define HAVE_INTTYPES_H 1
| #define HAVE_STDINT_H 1
| #define HAVE_UNISTD_H 1
| #define HAVE_DLFCN_H 1
| /* end confdefs.h.  */
| #include <ac_nonexistent.h>
configure:6563: result: g++ -E
configure:6583: g++ -E  conftest.cpp
configure:6583: $? = 0
configure:6597: g++ -E  conftest.cpp
conftest.cpp:22:28: error: ac_nonexistent.h: No such file or directory
configure:6597: $? = 1
configure: failed program was:
| /* confdefs.h */
| #define PACKAGE_NAME "sqlite"
| #define PACKAGE_TARNAME "sqlite"
| #define PACKAGE_VERSION "3.7.8"
| #define PACKAGE_STRING "sqlite 3.7.8"
| #define PACKAGE_BUGREPORT "http://www.sqlite.org"
| #define PACKAGE_URL ""
| #define PACKAGE "sqlite"
| #define VERSION "3.7.8"
| #define STDC_HEADERS 1
| #define HAVE_SYS_TYPES_H 1
| #define HAVE_SYS_STAT_H 1
| #define HAVE_STDLIB_H 1
| #define HAVE_STRING_H 1
| #define HAVE_MEMORY_H 1
| #define HAVE_STRINGS_H 1
| #define HAVE_INTTYPES_H 1
| #define HAVE_STDINT_H 1
| #define HAVE_UNISTD_H 1
| #define HAVE_DLFCN_H 1
| /* end confdefs.h.  */
| #include <ac_nonexistent.h>
configure:6681: checking for g77
configure:6711: result: no
configure:6681: checking for xlf
configure:6711: result: no
configure:6681: checking for f77
configure:6711: result: no
configure:6681: checking for frt
configure:6711: result: no
configure:6681: checking for pgf77
configure:6711: result: no
configure:6681: checking for cf77
configure:6711: result: no
configure:6681: checking for fort77
configure:6711: result: no
configure:6681: checking for fl32
configure:6711: result: no
configure:6681: checking for af77
configure:6711: result: no
configure:6681: checking for xlf90
configure:6711: result: no
configure:6681: checking for f90
configure:6711: result: no
configure:6681: checking for pgf90
configure:6711: result: no
configure:6681: checking for pghpf
configure:6711: result: no
configure:6681: checking for epcf90
configure:6711: result: no
configure:6681: checking for gfortran
configure:6711: result: no
configure:6681: checking for g95
configure:6711: result: no
configure:6681: checking for xlf95
configure:6711: result: no
configure:6681: checking for f95
configure:6711: result: no
configure:6681: checking for fort
configure:6711: result: no
configure:6681: checking for ifort
configure:6711: result: no
configure:6681: checking for ifc
configure:6711: result: no
configure:6681: checking for efc
configure:6711: result: no
configure:6681: checking for pgf95
configure:6711: result: no
configure:6681: checking for lf95
configure:6711: result: no
configure:6681: checking for ftn
configure:6711: result: no
configure:6734: checking for Fortran 77 compiler version
configure:6743:  --version >&5
./configure: line 6745: --version: command not found
configure:6754: $? = 127
configure:6743:  -v >&5
./configure: line 6745: -v: command not found
configure:6754: $? = 127
configure:6743:  -V >&5
./configure: line 6745: -V: command not found
configure:6754: $? = 127
configure:6743:  -qversion >&5
./configure: line 6745: -qversion: command not found
configure:6754: $? = 127
configure:6763: checking whether we are using the GNU Fortran 77 compiler
configure:6776:  -c  conftest.F >&5
./configure: line 2114: -c: command not found
configure:6776: $? = 127
configure: failed program was:
|       program main
| #ifndef __GNUC__
|        choke me
| #endif
| 
|       end
configure:6785: result: no
configure:6791: checking whether  accepts -g
configure:6802:  -c -g conftest.f >&5
./configure: line 2114: -c: command not found
configure:6802: $? = 127
configure: failed program was:
|       program main
| 
|       end
configure:6810: result: no
configure:6844: checking the maximum length of command line arguments
configure:6953: result: 196608
configure:6964: checking command to parse /usr/bin/nm output from gcc object
configure:7069: gcc -c  -DSQLITE_ENABLE_RTREE=1 -fPIC -O3 -DNDEBUG  conftest.c >&5
configure:7072: $? = 0
configure:7076: /usr/bin/nm conftest.o \| sed -n -e 's/^.*[ 	]\([BCDEGRST][BCDEGRST]*\)[ 	][ 	]*\([_A-Za-z][_A-Za-z0-9]*\)$/\1 \2 \2/p' \> conftest.nm
configure:7079: $? = 0
cannot find nm_test_var in conftest.nm
configure:7069: gcc -c  -DSQLITE_ENABLE_RTREE=1 -fPIC -O3 -DNDEBUG  conftest.c >&5
configure:7072: $? = 0
configure:7076: /usr/bin/nm conftest.o \| sed -n -e 's/^.*[ 	]\([BCDEGRST][BCDEGRST]*\)[ 	][ 	]*_\([_A-Za-z][_A-Za-z0-9]*\)$/\1 _\2 \2/p' \> conftest.nm
configure:7079: $? = 0
configure:7131: gcc -o conftest  -DSQLITE_ENABLE_RTREE=1 -fPIC -O3 -DNDEBUG   conftest.c conftstm.o >&5
configure:7134: $? = 0
configure:7172: result: ok
configure:7176: checking for objdir
configure:7191: result: .libs
configure:7283: checking for ar
configure:7299: found /usr/bin/ar
configure:7310: result: ar
configure:7375: checking for ranlib
configure:7402: result: ranlib
configure:7467: checking for strip
configure:7483: found /usr/bin/strip
configure:7494: result: strip
configure:7776: checking if gcc supports -fno-rtti -fno-exceptions
configure:7794: gcc -c  -DSQLITE_ENABLE_RTREE=1 -fPIC -O3 -DNDEBUG  -fno-rtti -fno-exceptions conftest.c >&5
cc1: warning: command line option "-fno-rtti" is valid for C++/ObjC++ but not for C
configure:7798: $? = 0
configure:7811: result: no
configure:7826: checking for gcc option to produce PIC
configure:8036: result: -fno-common
configure:8044: checking if gcc PIC flag -fno-common works
configure:8062: gcc -c  -DSQLITE_ENABLE_RTREE=1 -fPIC -O3 -DNDEBUG  -fno-common -DPIC conftest.c >&5
configure:8066: $? = 0
configure:8079: result: yes
configure:8107: checking if gcc static flag -static works
configure:8135: result: no
configure:8145: checking if gcc supports -c -o file.o
configure:8166: gcc -c  -DSQLITE_ENABLE_RTREE=1 -fPIC -O3 -DNDEBUG  -o out/conftest2.o conftest.c >&5
configure:8170: $? = 0
configure:8192: result: yes
configure:8218: checking whether the gcc linker (/usr/libexec/gcc/i686-apple-darwin10/4.2.1/ld) supports shared libraries
configure:9118: result: yes
configure:9185: checking dynamic linker characteristics
configure:9773: result: darwin10.8.0 dyld
configure:9782: checking how to hardcode library paths into programs
configure:9807: result: immediate
configure:9821: checking whether stripping libraries is possible
configure:9834: result: yes
configure:10342: checking if libtool supports shared libraries
configure:10344: result: yes
configure:10347: checking whether to build shared libraries
configure:10368: result: no
configure:10371: checking whether to build static libraries
configure:10375: result: yes
configure:10467: creating libtool
configure:11051: checking for ld used by g++
configure:11118: result: /usr/libexec/gcc/i686-apple-darwin10/4.2.1/ld
configure:11125: checking if the linker (/usr/libexec/gcc/i686-apple-darwin10/4.2.1/ld) is GNU ld
configure:11140: result: no
configure:11191: checking whether the g++ linker (/usr/libexec/gcc/i686-apple-darwin10/4.2.1/ld) supports shared libraries
configure:12071: result: yes
configure:12089: g++ -c -g -O2  conftest.cpp >&5
configure:12092: $? = 0
configure:12211: checking for g++ option to produce PIC
configure:12485: result: -fno-common
configure:12493: checking if g++ PIC flag -fno-common works
configure:12511: g++ -c -g -O2  -fno-common -DPIC conftest.cpp >&5
configure:12515: $? = 0
configure:12528: result: yes
configure:12556: checking if g++ static flag -static works
configure:12584: result: no
configure:12594: checking if g++ supports -c -o file.o
configure:12615: g++ -c -g -O2  -o out/conftest2.o conftest.cpp >&5
configure:12619: $? = 0
configure:12641: result: yes
configure:12667: checking whether the g++ linker (/usr/libexec/gcc/i686-apple-darwin10/4.2.1/ld) supports shared libraries
configure:12692: result: yes
configure:12759: checking dynamic linker characteristics
configure:13347: result: darwin10.8.0 dyld
configure:13356: checking how to hardcode library paths into programs
configure:13381: result: immediate
configure:19417: checking for a thread-safe mkdir -p
configure:19456: result: ./install-sh -c -d
configure:19464: checking for fdatasync
configure:19464: gcc -o conftest  -DSQLITE_ENABLE_RTREE=1 -fPIC -O3 -DNDEBUG   conftest.c  >&5
configure:19464: $? = 0
configure:19464: result: yes
configure:19464: checking for usleep
configure:19464: gcc -o conftest  -DSQLITE_ENABLE_RTREE=1 -fPIC -O3 -DNDEBUG   conftest.c  >&5
configure:19464: $? = 0
configure:19464: result: yes
configure:19464: checking for fullfsync
configure:19464: gcc -o conftest  -DSQLITE_ENABLE_RTREE=1 -fPIC -O3 -DNDEBUG   conftest.c  >&5
Undefined symbols:
  "_fullfsync", referenced from:
      _main in ccYqinqq.o
ld: symbol(s) not found
collect2: ld returned 1 exit status
configure:19464: $? = 1
configure: failed program was:
| /* confdefs.h */
| #define PACKAGE_NAME "sqlite"
| #define PACKAGE_TARNAME "sqlite"
| #define PACKAGE_VERSION "3.7.8"
| #define PACKAGE_STRING "sqlite 3.7.8"
| #define PACKAGE_BUGREPORT "http://www.sqlite.org"
| #define PACKAGE_URL ""
| #define PACKAGE "sqlite"
| #define VERSION "3.7.8"
| #define STDC_HEADERS 1
| #define HAVE_SYS_TYPES_H 1
| #define HAVE_SYS_STAT_H 1
| #define HAVE_STDLIB_H 1
| #define HAVE_STRING_H 1
| #define HAVE_MEMORY_H 1
| #define HAVE_STRINGS_H 1
| #define HAVE_INTTYPES_H 1
| #define HAVE_STDINT_H 1
| #define HAVE_UNISTD_H 1
| #define HAVE_DLFCN_H 1
| #define HAVE_FDATASYNC 1
| #define HAVE_USLEEP 1
| /* end confdefs.h.  */
| /* Define fullfsync to an innocuous variant, in case <limits.h> declares fullfsync.
|    For example, HP-UX 11i <limits.h> declares gettimeofday.  */
| #define fullfsync innocuous_fullfsync
| 
| /* System header to define __stub macros and hopefully few prototypes,
|     which can conflict with char fullfsync (); below.
|     Prefer <limits.h> to <assert.h> if __STDC__ is defined, since
|     <limits.h> exists even on freestanding compilers.  */
| 
| #ifdef __STDC__
| # include <limits.h>
| #else
| # include <assert.h>
| #endif
| 
| #undef fullfsync
| 
| /* Override any GCC internal prototype to avoid an error.
|    Use char because int might match the return type of a GCC
|    builtin and then its argument prototype would still apply.  */
| #ifdef __cplusplus
| extern "C"
| #endif
| char fullfsync ();
| /* The GNU C library defines this for functions which it implements
|     to always fail with ENOSYS.  Some functions are actually named
|     something starting with __ and the normal name is an alias.  */
| #if defined __stub_fullfsync || defined __stub___fullfsync
| choke me
| #endif
| 
| int
| main ()
| {
| return fullfsync ();
|   ;
|   return 0;
| }
configure:19464: result: no
configure:19464: checking for localtime_r
configure:19464: gcc -o conftest  -DSQLITE_ENABLE_RTREE=1 -fPIC -O3 -DNDEBUG   conftest.c  >&5
configure:19464: $? = 0
configure:19464: result: yes
configure:19464: checking for gmtime_r
configure:19464: gcc -o conftest  -DSQLITE_ENABLE_RTREE=1 -fPIC -O3 -DNDEBUG   conftest.c  >&5
configure:19464: $? = 0
configure:19464: result: yes
configure:19474: checking whether strerror_r is declared
configure:19474: gcc -c  -DSQLITE_ENABLE_RTREE=1 -fPIC -O3 -DNDEBUG  conftest.c >&5
configure:19474: $? = 0
configure:19474: result: yes
configure:19487: checking for strerror_r
configure:19487: gcc -o conftest  -DSQLITE_ENABLE_RTREE=1 -fPIC -O3 -DNDEBUG   conftest.c  >&5
configure:19487: $? = 0
configure:19487: result: yes
configure:19496: checking whether strerror_r returns char *
configure:19520: gcc -c  -DSQLITE_ENABLE_RTREE=1 -fPIC -O3 -DNDEBUG  conftest.c >&5
conftest.c: In function 'main':
conftest.c:66: error: invalid type argument of 'unary *'
conftest.c:67: warning: initialization makes pointer from integer without a cast
configure:19520: $? = 1
configure: failed program was:
| /* confdefs.h */
| #define PACKAGE_NAME "sqlite"
| #define PACKAGE_TARNAME "sqlite"
| #define PACKAGE_VERSION "3.7.8"
| #define PACKAGE_STRING "sqlite 3.7.8"
| #define PACKAGE_BUGREPORT "http://www.sqlite.org"
| #define PACKAGE_URL ""
| #define PACKAGE "sqlite"
| #define VERSION "3.7.8"
| #define STDC_HEADERS 1
| #define HAVE_SYS_TYPES_H 1
| #define HAVE_SYS_STAT_H 1
| #define HAVE_STDLIB_H 1
| #define HAVE_STRING_H 1
| #define HAVE_MEMORY_H 1
| #define HAVE_STRINGS_H 1
| #define HAVE_INTTYPES_H 1
| #define HAVE_STDINT_H 1
| #define HAVE_UNISTD_H 1
| #define HAVE_DLFCN_H 1
| #define HAVE_FDATASYNC 1
| #define HAVE_USLEEP 1
| #define HAVE_LOCALTIME_R 1
| #define HAVE_GMTIME_R 1
| #define HAVE_DECL_STRERROR_R 1
| #define HAVE_STRERROR_R 1
| /* end confdefs.h.  */
| #include <stdio.h>
| #ifdef HAVE_SYS_TYPES_H
| # include <sys/types.h>
| #endif
| #ifdef HAVE_SYS_STAT_H
| # include <sys/stat.h>
| #endif
| #ifdef STDC_HEADERS
| # include <stdlib.h>
| # include <stddef.h>
| #else
| # ifdef HAVE_STDLIB_H
| #  include <stdlib.h>
| # endif
| #endif
| #ifdef HAVE_STRING_H
| # if !defined STDC_HEADERS && defined HAVE_MEMORY_H
| #  include <memory.h>
| # endif
| # include <string.h>
| #endif
| #ifdef HAVE_STRINGS_H
| # include <strings.h>
| #endif
| #ifdef HAVE_INTTYPES_H
| # include <inttypes.h>
| #endif
| #ifdef HAVE_STDINT_H
| # include <stdint.h>
| #endif
| #ifdef HAVE_UNISTD_H
| # include <unistd.h>
| #endif
| int
| main ()
| {
| 
| 	  char buf[100];
| 	  char x = *strerror_r (0, buf, sizeof buf);
| 	  char *p = strerror_r (0, buf, sizeof buf);
| 	  return !p || x;
| 
|   ;
|   return 0;
| }
configure:19558: result: no
configure:19584: checking for library containing tgetent
configure:19615: gcc -o conftest  -DSQLITE_ENABLE_RTREE=1 -fPIC -O3 -DNDEBUG   conftest.c  >&5
Undefined symbols:
  "_tgetent", referenced from:
      _main in ccA57ahT.o
ld: symbol(s) not found
collect2: ld returned 1 exit status
configure:19615: $? = 1
configure: failed program was:
| /* confdefs.h */
| #define PACKAGE_NAME "sqlite"
| #define PACKAGE_TARNAME "sqlite"
| #define PACKAGE_VERSION "3.7.8"
| #define PACKAGE_STRING "sqlite 3.7.8"
| #define PACKAGE_BUGREPORT "http://www.sqlite.org"
| #define PACKAGE_URL ""
| #define PACKAGE "sqlite"
| #define VERSION "3.7.8"
| #define STDC_HEADERS 1
| #define HAVE_SYS_TYPES_H 1
| #define HAVE_SYS_STAT_H 1
| #define HAVE_STDLIB_H 1
| #define HAVE_STRING_H 1
| #define HAVE_MEMORY_H 1
| #define HAVE_STRINGS_H 1
| #define HAVE_INTTYPES_H 1
| #define HAVE_STDINT_H 1
| #define HAVE_UNISTD_H 1
| #define HAVE_DLFCN_H 1
| #define HAVE_FDATASYNC 1
| #define HAVE_USLEEP 1
| #define HAVE_LOCALTIME_R 1
| #define HAVE_GMTIME_R 1
| #define HAVE_DECL_STRERROR_R 1
| #define HAVE_STRERROR_R 1
| /* end confdefs.h.  */
| 
| /* Override any GCC internal prototype to avoid an error.
|    Use char because int might match the return type of a GCC
|    builtin and then its argument prototype would still apply.  */
| #ifdef __cplusplus
| extern "C"
| #endif
| char tgetent ();
| int
| main ()
| {
| return tgetent ();
|   ;
|   return 0;
| }
configure:19615: gcc -o conftest  -DSQLITE_ENABLE_RTREE=1 -fPIC -O3 -DNDEBUG   conftest.c -lcurses   >&5
configure:19615: $? = 0
configure:19632: result: -lcurses
configure:19640: checking for library containing readline
configure:19671: gcc -o conftest  -DSQLITE_ENABLE_RTREE=1 -fPIC -O3 -DNDEBUG   conftest.c -lcurses  >&5
Undefined symbols:
  "_readline", referenced from:
      _main in ccK6OCjc.o
ld: symbol(s) not found
collect2: ld returned 1 exit status
configure:19671: $? = 1
configure: failed program was:
| /* confdefs.h */
| #define PACKAGE_NAME "sqlite"
| #define PACKAGE_TARNAME "sqlite"
| #define PACKAGE_VERSION "3.7.8"
| #define PACKAGE_STRING "sqlite 3.7.8"
| #define PACKAGE_BUGREPORT "http://www.sqlite.org"
| #define PACKAGE_URL ""
| #define PACKAGE "sqlite"
| #define VERSION "3.7.8"
| #define STDC_HEADERS 1
| #define HAVE_SYS_TYPES_H 1
| #define HAVE_SYS_STAT_H 1
| #define HAVE_STDLIB_H 1
| #define HAVE_STRING_H 1
| #define HAVE_MEMORY_H 1
| #define HAVE_STRINGS_H 1
| #define HAVE_INTTYPES_H 1
| #define HAVE_STDINT_H 1
| #define HAVE_UNISTD_H 1
| #define HAVE_DLFCN_H 1
| #define HAVE_FDATASYNC 1
| #define HAVE_USLEEP 1
| #define HAVE_LOCALTIME_R 1
| #define HAVE_GMTIME_R 1
| #define HAVE_DECL_STRERROR_R 1
| #define HAVE_STRERROR_R 1
| /* end confdefs.h.  */
| 
| /* Override any GCC internal prototype to avoid an error.
|    Use char because int might match the return type of a GCC
|    builtin and then its argument prototype would still apply.  */
| #ifdef __cplusplus
| extern "C"
| #endif
| char readline ();
| int
| main ()
| {
| return readline ();
|   ;
|   return 0;
| }
configure:19671: gcc -o conftest  -DSQLITE_ENABLE_RTREE=1 -fPIC -O3 -DNDEBUG   conftest.c -lreadline  -lcurses  >&5
configure:19671: $? = 0
configure:19688: result: -lreadline
configure:19700: checking for readline
configure:19700: gcc -o conftest  -DSQLITE_ENABLE_RTREE=1 -fPIC -O3 -DNDEBUG   conftest.c -lreadline -lcurses  >&5
configure:19700: $? = 0
configure:19700: result: yes
configure:19728: checking for library containing pthread_create
configure:19759: gcc -o conftest  -DSQLITE_ENABLE_RTREE=1 -fPIC -O3 -DNDEBUG   conftest.c  >&5
configure:19759: $? = 0
configure:19776: result: none required
configure:19799: checking for library containing dlopen
configure:19830: gcc -o conftest  -DSQLITE_ENABLE_RTREE=1 -fPIC -O3 -DNDEBUG   conftest.c  >&5
configure:19830: $? = 0
configure:19847: result: none required
configure:19858: checking for whether to support dynamic extensions
configure:19860: result: yes
configure:19867: checking for posix_fallocate
configure:19867: gcc -o conftest  -DSQLITE_ENABLE_RTREE=1 -fPIC -O3 -DNDEBUG   conftest.c  >&5
Undefined symbols:
  "_posix_fallocate", referenced from:
      _main in ccSTBN3U.o
ld: symbol(s) not found
collect2: ld returned 1 exit status
configure:19867: $? = 1
configure: failed program was:
| /* confdefs.h */
| #define PACKAGE_NAME "sqlite"
| #define PACKAGE_TARNAME "sqlite"
| #define PACKAGE_VERSION "3.7.8"
| #define PACKAGE_STRING "sqlite 3.7.8"
| #define PACKAGE_BUGREPORT "http://www.sqlite.org"
| #define PACKAGE_URL ""
| #define PACKAGE "sqlite"
| #define VERSION "3.7.8"
| #define STDC_HEADERS 1
| #define HAVE_SYS_TYPES_H 1
| #define HAVE_SYS_STAT_H 1
| #define HAVE_STDLIB_H 1
| #define HAVE_STRING_H 1
| #define HAVE_MEMORY_H 1
| #define HAVE_STRINGS_H 1
| #define HAVE_INTTYPES_H 1
| #define HAVE_STDINT_H 1
| #define HAVE_UNISTD_H 1
| #define HAVE_DLFCN_H 1
| #define HAVE_FDATASYNC 1
| #define HAVE_USLEEP 1
| #define HAVE_LOCALTIME_R 1
| #define HAVE_GMTIME_R 1
| #define HAVE_DECL_STRERROR_R 1
| #define HAVE_STRERROR_R 1
| #define HAVE_READLINE 1
| /* end confdefs.h.  */
| /* Define posix_fallocate to an innocuous variant, in case <limits.h> declares posix_fallocate.
|    For example, HP-UX 11i <limits.h> declares gettimeofday.  */
| #define posix_fallocate innocuous_posix_fallocate
| 
| /* System header to define __stub macros and hopefully few prototypes,
|     which can conflict with char posix_fallocate (); below.
|     Prefer <limits.h> to <assert.h> if __STDC__ is defined, since
|     <limits.h> exists even on freestanding compilers.  */
| 
| #ifdef __STDC__
| # include <limits.h>
| #else
| # include <assert.h>
| #endif
| 
| #undef posix_fallocate
| 
| /* Override any GCC internal prototype to avoid an error.
|    Use char because int might match the return type of a GCC
|    builtin and then its argument prototype would still apply.  */
| #ifdef __cplusplus
| extern "C"
| #endif
| char posix_fallocate ();
| /* The GNU C library defines this for functions which it implements
|     to always fail with ENOSYS.  Some functions are actually named
|     something starting with __ and the normal name is an alias.  */
| #if defined __stub_posix_fallocate || defined __stub___posix_fallocate
| choke me
| #endif
| 
| int
| main ()
| {
| return posix_fallocate ();
|   ;
|   return 0;
| }
configure:19867: result: no
configure:20056: creating ./config.status

## ---------------------- ##
## Running config.status. ##
## ---------------------- ##

This file was extended by sqlite config.status 3.7.8, which was
generated by GNU Autoconf 2.65.  Invocation command line was

  CONFIG_FILES    = 
  CONFIG_HEADERS  = 
  CONFIG_LINKS    = 
  CONFIG_COMMANDS = 
  $ ./config.status 

on localhost

config.status:800: creating Makefile
config.status:800: creating sqlite3.pc
config.status:963: executing depfiles commands

## ---------------- ##
## Cache variables. ##
## ---------------- ##

ac_cv_build=i686-apple-darwin10.8.0
ac_cv_c_compiler_gnu=yes
ac_cv_cxx_compiler_gnu=yes
ac_cv_env_CCC_set=
ac_cv_env_CCC_value=
ac_cv_env_CC_set=
ac_cv_env_CC_value=
ac_cv_env_CFLAGS_set=set
ac_cv_env_CFLAGS_value=' -DSQLITE_ENABLE_RTREE=1 -fPIC -O3 -DNDEBUG'
ac_cv_env_CPPFLAGS_set=
ac_cv_env_CPPFLAGS_value=
ac_cv_env_CPP_set=
ac_cv_env_CPP_value=
ac_cv_env_CXXCPP_set=
ac_cv_env_CXXCPP_value=
ac_cv_env_CXXFLAGS_set=
ac_cv_env_CXXFLAGS_value=
ac_cv_env_CXX_set=
ac_cv_env_CXX_value=
ac_cv_env_F77_set=
ac_cv_env_F77_value=
ac_cv_env_FFLAGS_set=
ac_cv_env_FFLAGS_value=
ac_cv_env_LDFLAGS_set=
ac_cv_env_LDFLAGS_value=
ac_cv_env_LIBS_set=
ac_cv_env_LIBS_value=
ac_cv_env_build_alias_set=
ac_cv_env_build_alias_value=
ac_cv_env_host_alias_set=
ac_cv_env_host_alias_value=
ac_cv_env_target_alias_set=
ac_cv_env_target_alias_value=
ac_cv_f77_compiler_gnu=no
ac_cv_func_fdatasync=yes
ac_cv_func_fullfsync=no
ac_cv_func_gmtime_r=yes
ac_cv_func_localtime_r=yes
ac_cv_func_posix_fallocate=no
ac_cv_func_readline=yes
ac_cv_func_strerror_r=yes
ac_cv_func_strerror_r_char_p=no
ac_cv_func_usleep=yes
ac_cv_have_decl_strerror_r=yes
ac_cv_header_dlfcn_h=yes
ac_cv_header_inttypes_h=yes
ac_cv_header_memory_h=yes
ac_cv_header_stdc=yes
ac_cv_header_stdint_h=yes
ac_cv_header_stdlib_h=yes
ac_cv_header_string_h=yes
ac_cv_header_strings_h=yes
ac_cv_header_sys_stat_h=yes
ac_cv_header_sys_types_h=yes
ac_cv_header_unistd_h=yes
ac_cv_host=i686-apple-darwin10.8.0
ac_cv_objext=o
ac_cv_path_EGREP='/usr/bin/grep -E'
ac_cv_path_GREP=/usr/bin/grep
ac_cv_path_install='/usr/bin/install -c'
ac_cv_prog_AWK=awk
ac_cv_prog_CPP='gcc -E'
ac_cv_prog_CXXCPP='g++ -E'
ac_cv_prog_ac_ct_AR=ar
ac_cv_prog_ac_ct_CC=gcc
ac_cv_prog_ac_ct_CXX=g++
ac_cv_prog_ac_ct_RANLIB=ranlib
ac_cv_prog_ac_ct_STRIP=strip
ac_cv_prog_cc_c89=
ac_cv_prog_cc_g=yes
ac_cv_prog_cxx_g=yes
ac_cv_prog_f77_g=no
ac_cv_prog_make_make_set=yes
ac_cv_search_dlopen='none required'
ac_cv_search_pthread_create='none required'
ac_cv_search_readline=-lreadline
ac_cv_search_tgetent=-lcurses
ac_cv_sys_file_offset_bits=no
ac_cv_sys_largefile_CC=no
am_cv_CC_dependencies_compiler_type=none
am_cv_CXX_dependencies_compiler_type=none
lt_cv_deplibs_check_method=pass_all
lt_cv_file_magic_cmd='$MAGIC_CMD'
lt_cv_file_magic_test_file=
lt_cv_ld_reload_flag=-r
lt_cv_objdir=.libs
lt_cv_path_LD=/usr/libexec/gcc/i686-apple-darwin10/4.2.1/ld
lt_cv_path_LDCXX=/usr/libexec/gcc/i686-apple-darwin10/4.2.1/ld
lt_cv_path_NM=/usr/bin/nm
lt_cv_path_SED=/usr/bin/sed
lt_cv_prog_compiler_c_o=yes
lt_cv_prog_compiler_c_o_CXX=yes
lt_cv_prog_compiler_rtti_exceptions=no
lt_cv_prog_gnu_ld=no
lt_cv_prog_gnu_ldcxx=no
lt_cv_sys_global_symbol_pipe='sed -n -e '\''s/^.*[ 	]\([BCDEGRST][BCDEGRST]*\)[ 	][ 	]*_\([_A-Za-z][_A-Za-z0-9]*\)$/\1 _\2 \2/p'\'''
lt_cv_sys_global_symbol_to_c_name_address='sed -n -e '\''s/^: \([^ ]*\) $/  {\"\1\", (lt_ptr) 0},/p'\'' -e '\''s/^[BCDEGRST] \([^ ]*\) \([^ ]*\)$/  {"\2", (lt_ptr) \&\2},/p'\'''
lt_cv_sys_global_symbol_to_cdecl='sed -n -e '\''s/^. .* \(.*\)$/extern int \1;/p'\'''
lt_cv_sys_max_cmd_len=196608
lt_lt_cv_prog_compiler_c_o='"yes"'
lt_lt_cv_prog_compiler_c_o_CXX='"yes"'
lt_lt_cv_sys_global_symbol_pipe='"sed -n -e '\''s/^.*[ 	]\\([BCDEGRST][BCDEGRST]*\\)[ 	][ 	]*_\\([_A-Za-z][_A-Za-z0-9]*\\)\$/\\1 _\\2 \\2/p'\''"'
lt_lt_cv_sys_global_symbol_to_c_name_address='"sed -n -e '\''s/^: \\([^ ]*\\) \$/  {\\\"\\1\\\", (lt_ptr) 0},/p'\'' -e '\''s/^[BCDEGRST] \\([^ ]*\\) \\([^ ]*\\)\$/  {\"\\2\", (lt_ptr) \\&\\2},/p'\''"'
lt_lt_cv_sys_global_symbol_to_cdecl='"sed -n -e '\''s/^. .* \\(.*\\)\$/extern int \\1;/p'\''"'

## ----------------- ##
## Output variables. ##
## ----------------- ##

ACLOCAL='${SHELL} /Users/twer/projects/how2read/node_modules/sqlite3/deps/sqlite-autoconf-3070800/missing --run aclocal-1.9'
AMDEPBACKSLASH=''
AMDEP_FALSE=''
AMDEP_TRUE='#'
AMTAR='${SHELL} /Users/twer/projects/how2read/node_modules/sqlite3/deps/sqlite-autoconf-3070800/missing --run tar'
AR='ar'
AUTOCONF='${SHELL} /Users/twer/projects/how2read/node_modules/sqlite3/deps/sqlite-autoconf-3070800/missing --run autoconf'
AUTOHEADER='${SHELL} /Users/twer/projects/how2read/node_modules/sqlite3/deps/sqlite-autoconf-3070800/missing --run autoheader'
AUTOMAKE='${SHELL} /Users/twer/projects/how2read/node_modules/sqlite3/deps/sqlite-autoconf-3070800/missing --run automake-1.9'
AWK='awk'
BUILD_CFLAGS=''
CC='gcc'
CCDEPMODE='depmode=none'
CFLAGS=' -DSQLITE_ENABLE_RTREE=1 -fPIC -O3 -DNDEBUG'
CPP='gcc -E'
CPPFLAGS=''
CXX='g++'
CXXCPP='g++ -E'
CXXDEPMODE='depmode=none'
CXXFLAGS='-g -O2'
CYGPATH_W='echo'
DEFS='-DPACKAGE_NAME=\"sqlite\" -DPACKAGE_TARNAME=\"sqlite\" -DPACKAGE_VERSION=\"3.7.8\" -DPACKAGE_STRING=\"sqlite\ 3.7.8\" -DPACKAGE_BUGREPORT=\"http://www.sqlite.org\" -DPACKAGE_URL=\"\" -DPACKAGE=\"sqlite\" -DVERSION=\"3.7.8\" -DSTDC_HEADERS=1 -DHAVE_SYS_TYPES_H=1 -DHAVE_SYS_STAT_H=1 -DHAVE_STDLIB_H=1 -DHAVE_STRING_H=1 -DHAVE_MEMORY_H=1 -DHAVE_STRINGS_H=1 -DHAVE_INTTYPES_H=1 -DHAVE_STDINT_H=1 -DHAVE_UNISTD_H=1 -DHAVE_DLFCN_H=1 -DHAVE_FDATASYNC=1 -DHAVE_USLEEP=1 -DHAVE_LOCALTIME_R=1 -DHAVE_GMTIME_R=1 -DHAVE_DECL_STRERROR_R=1 -DHAVE_STRERROR_R=1 -DHAVE_READLINE=1'
DEPDIR='.deps'
DYNAMIC_EXTENSION_FLAGS=''
ECHO='/bin/echo'
ECHO_C='\c'
ECHO_N=''
ECHO_T=''
EGREP='/usr/bin/grep -E'
EXEEXT=''
F77=''
FFLAGS=''
GREP='/usr/bin/grep'
INSTALL_DATA='${INSTALL} -m 644'
INSTALL_PROGRAM='${INSTALL}'
INSTALL_SCRIPT='${INSTALL}'
INSTALL_STRIP_PROGRAM='${SHELL} $(install_sh) -c -s'
LDFLAGS=''
LIBOBJS=''
LIBS=''
LIBTOOL='$(SHELL) $(top_builddir)/libtool'
LN_S='ln -s'
LTLIBOBJS=''
MAKEINFO='${SHELL} /Users/twer/projects/how2read/node_modules/sqlite3/deps/sqlite-autoconf-3070800/missing --run makeinfo'
MKDIR_P='./install-sh -c -d'
OBJEXT='o'
PACKAGE='sqlite'
PACKAGE_BUGREPORT='http://www.sqlite.org'
PACKAGE_NAME='sqlite'
PACKAGE_STRING='sqlite 3.7.8'
PACKAGE_TARNAME='sqlite'
PACKAGE_URL=''
PACKAGE_VERSION='3.7.8'
PATH_SEPARATOR=':'
RANLIB='ranlib'
READLINE_LIBS='-lreadline -lcurses '
SET_MAKE=''
SHELL='/bin/sh'
STRIP='strip'
THREADSAFE_FLAGS='-D_REENTRANT=1 -DSQLITE_THREADSAFE=1'
VERSION='3.7.8'
ac_ct_CC='gcc'
ac_ct_CXX='g++'
ac_ct_F77=''
am__fastdepCC_FALSE=''
am__fastdepCC_TRUE='#'
am__fastdepCXX_FALSE=''
am__fastdepCXX_TRUE='#'
am__include='include'
am__leading_dot='.'
am__quote=''
am__tar='${AMTAR} chof - "$$tardir"'
am__untar='${AMTAR} xf -'
bindir='${exec_prefix}/bin'
build='i686-apple-darwin10.8.0'
build_alias=''
build_cpu='i686'
build_os='darwin10.8.0'
build_vendor='apple'
datadir='${datarootdir}'
datarootdir='${prefix}/share'
docdir='${datarootdir}/doc/${PACKAGE_TARNAME}'
dvidir='${docdir}'
exec_prefix='${prefix}'
host='i686-apple-darwin10.8.0'
host_alias=''
host_cpu='i686'
host_os='darwin10.8.0'
host_vendor='apple'
htmldir='${docdir}'
includedir='${prefix}/include'
infodir='${datarootdir}/info'
install_sh='/Users/twer/projects/how2read/node_modules/sqlite3/deps/sqlite-autoconf-3070800/install-sh'
libdir='${exec_prefix}/lib'
libexecdir='${exec_prefix}/libexec'
localedir='${datarootdir}/locale'
localstatedir='${prefix}/var'
mandir='${datarootdir}/man'
mkdir_p='$(install_sh) -d'
oldincludedir='/usr/include'
pdfdir='${docdir}'
prefix='/usr/local'
program_transform_name='s,x,x,'
psdir='${docdir}'
sbindir='${exec_prefix}/sbin'
sharedstatedir='${prefix}/com'
sysconfdir='${prefix}/etc'
target_alias=''

## ----------- ##
## confdefs.h. ##
## ----------- ##

/* confdefs.h */
#define PACKAGE_NAME "sqlite"
#define PACKAGE_TARNAME "sqlite"
#define PACKAGE_VERSION "3.7.8"
#define PACKAGE_STRING "sqlite 3.7.8"
#define PACKAGE_BUGREPORT "http://www.sqlite.org"
#define PACKAGE_URL ""
#define PACKAGE "sqlite"
#define VERSION "3.7.8"
#define STDC_HEADERS 1
#define HAVE_SYS_TYPES_H 1
#define HAVE_SYS_STAT_H 1
#define HAVE_STDLIB_H 1
#define HAVE_STRING_H 1
#define HAVE_MEMORY_H 1
#define HAVE_STRINGS_H 1
#define HAVE_INTTYPES_H 1
#define HAVE_STDINT_H 1
#define HAVE_UNISTD_H 1
#define HAVE_DLFCN_H 1
#define HAVE_FDATASYNC 1
#define HAVE_USLEEP 1
#define HAVE_LOCALTIME_R 1
#define HAVE_GMTIME_R 1
#define HAVE_DECL_STRERROR_R 1
#define HAVE_STRERROR_R 1
#define HAVE_READLINE 1

configure: exit 0
